running egg_info
creating ../../build/ros2_manipulation/ros2_manipulation.egg-info
writing ../../build/ros2_manipulation/ros2_manipulation.egg-info/PKG-INFO
writing dependency_links to ../../build/ros2_manipulation/ros2_manipulation.egg-info/dependency_links.txt
writing entry points to ../../build/ros2_manipulation/ros2_manipulation.egg-info/entry_points.txt
writing requirements to ../../build/ros2_manipulation/ros2_manipulation.egg-info/requires.txt
writing top-level names to ../../build/ros2_manipulation/ros2_manipulation.egg-info/top_level.txt
writing manifest file '../../build/ros2_manipulation/ros2_manipulation.egg-info/SOURCES.txt'
reading manifest file '../../build/ros2_manipulation/ros2_manipulation.egg-info/SOURCES.txt'
writing manifest file '../../build/ros2_manipulation/ros2_manipulation.egg-info/SOURCES.txt'
running build
running build_py
creating /home/master26/Robotics_Automation_EE656/Assignment_1/build/ros2_manipulation/build
creating /home/master26/Robotics_Automation_EE656/Assignment_1/build/ros2_manipulation/build/lib
creating /home/master26/Robotics_Automation_EE656/Assignment_1/build/ros2_manipulation/build/lib/ros2_manipulation
copying ros2_manipulation/__init__.py -> /home/master26/Robotics_Automation_EE656/Assignment_1/build/ros2_manipulation/build/lib/ros2_manipulation
running install
running install_lib
creating /home/master26/Robotics_Automation_EE656/Assignment_1/install/ros2_manipulation/lib/python3.10/site-packages/ros2_manipulation
copying /home/master26/Robotics_Automation_EE656/Assignment_1/build/ros2_manipulation/build/lib/ros2_manipulation/__init__.py -> /home/master26/Robotics_Automation_EE656/Assignment_1/install/ros2_manipulation/lib/python3.10/site-packages/ros2_manipulation
byte-compiling /home/master26/Robotics_Automation_EE656/Assignment_1/install/ros2_manipulation/lib/python3.10/site-packages/ros2_manipulation/__init__.py to __init__.cpython-310.pyc
running install_data
creating /home/master26/Robotics_Automation_EE656/Assignment_1/install/ros2_manipulation/share/ament_index
creating /home/master26/Robotics_Automation_EE656/Assignment_1/install/ros2_manipulation/share/ament_index/resource_index
creating /home/master26/Robotics_Automation_EE656/Assignment_1/install/ros2_manipulation/share/ament_index/resource_index/packages
copying resource/ros2_manipulation -> /home/master26/Robotics_Automation_EE656/Assignment_1/install/ros2_manipulation/share/ament_index/resource_index/packages
copying package.xml -> /home/master26/Robotics_Automation_EE656/Assignment_1/install/ros2_manipulation/share/ros2_manipulation
running install_egg_info
Copying ../../build/ros2_manipulation/ros2_manipulation.egg-info to /home/master26/Robotics_Automation_EE656/Assignment_1/install/ros2_manipulation/lib/python3.10/site-packages/ros2_manipulation-0.0.0-py3.10.egg-info
running install_scripts
writing list of installed files to '/home/master26/Robotics_Automation_EE656/Assignment_1/build/ros2_manipulation/install.log'
