[0.574s] Invoking command in '/home/master26/Robotics_Automation_EE656/Assignment_1/src/ros2_manipulation': PYTHONPATH=/home/master26/Robotics_Automation_EE656/Assignment_1/build/ros2_manipulation/prefix_override:/usr/lib/python3/dist-packages/colcon_core/task/python/colcon_distutils_commands:/home/master26/Robotics_Automation_EE656/Assignment_1/install/ros2_manipulation/lib/python3.10/site-packages:${PYTHONPATH} /usr/bin/python3 -W ignore:setup.py install is deprecated -W ignore:easy_install command is deprecated setup.py egg_info --egg-base ../../build/ros2_manipulation build --build-base /home/master26/Robotics_Automation_EE656/Assignment_1/build/ros2_manipulation/build install --record /home/master26/Robotics_Automation_EE656/Assignment_1/build/ros2_manipulation/install.log --single-version-externally-managed install_data
[0.735s] running egg_info
[0.736s] creating ../../build/ros2_manipulation/ros2_manipulation.egg-info
[0.736s] writing ../../build/ros2_manipulation/ros2_manipulation.egg-info/PKG-INFO
[0.736s] writing dependency_links to ../../build/ros2_manipulation/ros2_manipulation.egg-info/dependency_links.txt
[0.736s] writing entry points to ../../build/ros2_manipulation/ros2_manipulation.egg-info/entry_points.txt
[0.736s] writing requirements to ../../build/ros2_manipulation/ros2_manipulation.egg-info/requires.txt
[0.736s] writing top-level names to ../../build/ros2_manipulation/ros2_manipulation.egg-info/top_level.txt
[0.736s] writing manifest file '../../build/ros2_manipulation/ros2_manipulation.egg-info/SOURCES.txt'
[0.737s] reading manifest file '../../build/ros2_manipulation/ros2_manipulation.egg-info/SOURCES.txt'
[0.738s] writing manifest file '../../build/ros2_manipulation/ros2_manipulation.egg-info/SOURCES.txt'
[0.738s] running build
[0.738s] running build_py
[0.738s] creating /home/master26/Robotics_Automation_EE656/Assignment_1/build/ros2_manipulation/build
[0.738s] creating /home/master26/Robotics_Automation_EE656/Assignment_1/build/ros2_manipulation/build/lib
[0.738s] creating /home/master26/Robotics_Automation_EE656/Assignment_1/build/ros2_manipulation/build/lib/ros2_manipulation
[0.738s] copying ros2_manipulation/__init__.py -> /home/master26/Robotics_Automation_EE656/Assignment_1/build/ros2_manipulation/build/lib/ros2_manipulation
[0.738s] running install
[0.738s] running install_lib
[0.739s] creating /home/master26/Robotics_Automation_EE656/Assignment_1/install/ros2_manipulation/lib/python3.10/site-packages/ros2_manipulation
[0.739s] copying /home/master26/Robotics_Automation_EE656/Assignment_1/build/ros2_manipulation/build/lib/ros2_manipulation/__init__.py -> /home/master26/Robotics_Automation_EE656/Assignment_1/install/ros2_manipulation/lib/python3.10/site-packages/ros2_manipulation
[0.739s] byte-compiling /home/master26/Robotics_Automation_EE656/Assignment_1/install/ros2_manipulation/lib/python3.10/site-packages/ros2_manipulation/__init__.py to __init__.cpython-310.pyc
[0.739s] running install_data
[0.739s] creating /home/master26/Robotics_Automation_EE656/Assignment_1/install/ros2_manipulation/share/ament_index
[0.739s] creating /home/master26/Robotics_Automation_EE656/Assignment_1/install/ros2_manipulation/share/ament_index/resource_index
[0.739s] creating /home/master26/Robotics_Automation_EE656/Assignment_1/install/ros2_manipulation/share/ament_index/resource_index/packages
[0.739s] copying resource/ros2_manipulation -> /home/master26/Robotics_Automation_EE656/Assignment_1/install/ros2_manipulation/share/ament_index/resource_index/packages
[0.739s] copying package.xml -> /home/master26/Robotics_Automation_EE656/Assignment_1/install/ros2_manipulation/share/ros2_manipulation
[0.739s] running install_egg_info
[0.741s] Copying ../../build/ros2_manipulation/ros2_manipulation.egg-info to /home/master26/Robotics_Automation_EE656/Assignment_1/install/ros2_manipulation/lib/python3.10/site-packages/ros2_manipulation-0.0.0-py3.10.egg-info
[0.741s] running install_scripts
[0.755s] writing list of installed files to '/home/master26/Robotics_Automation_EE656/Assignment_1/build/ros2_manipulation/install.log'
[0.771s] Invoked command in '/home/master26/Robotics_Automation_EE656/Assignment_1/src/ros2_manipulation' returned '0': PYTHONPATH=/home/master26/Robotics_Automation_EE656/Assignment_1/build/ros2_manipulation/prefix_override:/usr/lib/python3/dist-packages/colcon_core/task/python/colcon_distutils_commands:/home/master26/Robotics_Automation_EE656/Assignment_1/install/ros2_manipulation/lib/python3.10/site-packages:${PYTHONPATH} /usr/bin/python3 -W ignore:setup.py install is deprecated -W ignore:easy_install command is deprecated setup.py egg_info --egg-base ../../build/ros2_manipulation build --build-base /home/master26/Robotics_Automation_EE656/Assignment_1/build/ros2_manipulation/build install --record /home/master26/Robotics_Automation_EE656/Assignment_1/build/ros2_manipulation/install.log --single-version-externally-managed install_data
