running egg_info
writing ../../build/rx200_moveit_control/rx200_moveit_control.egg-info/PKG-INFO
writing dependency_links to ../../build/rx200_moveit_control/rx200_moveit_control.egg-info/dependency_links.txt
writing entry points to ../../build/rx200_moveit_control/rx200_moveit_control.egg-info/entry_points.txt
writing requirements to ../../build/rx200_moveit_control/rx200_moveit_control.egg-info/requires.txt
writing top-level names to ../../build/rx200_moveit_control/rx200_moveit_control.egg-info/top_level.txt
reading manifest file '../../build/rx200_moveit_control/rx200_moveit_control.egg-info/SOURCES.txt'
writing manifest file '../../build/rx200_moveit_control/rx200_moveit_control.egg-info/SOURCES.txt'
running build
running build_py
copying rx200_moveit_control/rx200_moveit_action_client.py -> /home/master26/assignment_1/build/rx200_moveit_control/build/lib/rx200_moveit_control
running install
running install_lib
copying /home/master26/assignment_1/build/rx200_moveit_control/build/lib/rx200_moveit_control/rx200_moveit_action_client.py -> /home/master26/assignment_1/install/rx200_moveit_control/lib/python3.10/site-packages/rx200_moveit_control
byte-compiling /home/master26/assignment_1/install/rx200_moveit_control/lib/python3.10/site-packages/rx200_moveit_control/rx200_moveit_action_client.py to rx200_moveit_action_client.cpython-310.pyc
running install_data
running install_egg_info
removing '/home/master26/assignment_1/install/rx200_moveit_control/lib/python3.10/site-packages/rx200_moveit_control-0.0.1-py3.10.egg-info' (and everything under it)
Copying ../../build/rx200_moveit_control/rx200_moveit_control.egg-info to /home/master26/assignment_1/install/rx200_moveit_control/lib/python3.10/site-packages/rx200_moveit_control-0.0.1-py3.10.egg-info
running install_scripts
Installing rx200_moveit_client script to /home/master26/assignment_1/install/rx200_moveit_control/lib/rx200_moveit_control
writing list of installed files to '/home/master26/assignment_1/build/rx200_moveit_control/install.log'
