[0.287s] Invoking command in '/home/master26/assignment_1/src/rx200_moveit_control': PYTHONPATH=/home/master26/assignment_1/build/rx200_moveit_control/prefix_override:/usr/lib/python3/dist-packages/colcon_core/task/python/colcon_distutils_commands:/home/master26/assignment_1/install/rx200_moveit_control/lib/python3.10/site-packages:${PYTHONPATH} /usr/bin/python3 -W ignore:setup.py install is deprecated -W ignore:easy_install command is deprecated setup.py egg_info --egg-base ../../build/rx200_moveit_control build --build-base /home/master26/assignment_1/build/rx200_moveit_control/build install --record /home/master26/assignment_1/build/rx200_moveit_control/install.log --single-version-externally-managed install_data
[0.398s] running egg_info
[0.398s] writing ../../build/rx200_moveit_control/rx200_moveit_control.egg-info/PKG-INFO
[0.398s] writing dependency_links to ../../build/rx200_moveit_control/rx200_moveit_control.egg-info/dependency_links.txt
[0.398s] writing entry points to ../../build/rx200_moveit_control/rx200_moveit_control.egg-info/entry_points.txt
[0.398s] writing requirements to ../../build/rx200_moveit_control/rx200_moveit_control.egg-info/requires.txt
[0.398s] writing top-level names to ../../build/rx200_moveit_control/rx200_moveit_control.egg-info/top_level.txt
[0.399s] reading manifest file '../../build/rx200_moveit_control/rx200_moveit_control.egg-info/SOURCES.txt'
[0.399s] writing manifest file '../../build/rx200_moveit_control/rx200_moveit_control.egg-info/SOURCES.txt'
[0.399s] running build
[0.399s] running build_py
[0.399s] copying rx200_moveit_control/rx200_moveit_action_client.py -> /home/master26/assignment_1/build/rx200_moveit_control/build/lib/rx200_moveit_control
[0.399s] running install
[0.399s] running install_lib
[0.400s] copying /home/master26/assignment_1/build/rx200_moveit_control/build/lib/rx200_moveit_control/rx200_moveit_action_client.py -> /home/master26/assignment_1/install/rx200_moveit_control/lib/python3.10/site-packages/rx200_moveit_control
[0.400s] byte-compiling /home/master26/assignment_1/install/rx200_moveit_control/lib/python3.10/site-packages/rx200_moveit_control/rx200_moveit_action_client.py to rx200_moveit_action_client.cpython-310.pyc
[0.400s] running install_data
[0.400s] running install_egg_info
[0.401s] removing '/home/master26/assignment_1/install/rx200_moveit_control/lib/python3.10/site-packages/rx200_moveit_control-0.0.1-py3.10.egg-info' (and everything under it)
[0.401s] Copying ../../build/rx200_moveit_control/rx200_moveit_control.egg-info to /home/master26/assignment_1/install/rx200_moveit_control/lib/python3.10/site-packages/rx200_moveit_control-0.0.1-py3.10.egg-info
[0.401s] running install_scripts
[0.411s] Installing rx200_moveit_client script to /home/master26/assignment_1/install/rx200_moveit_control/lib/rx200_moveit_control
[0.411s] writing list of installed files to '/home/master26/assignment_1/build/rx200_moveit_control/install.log'
[0.422s] Invoked command in '/home/master26/assignment_1/src/rx200_moveit_control' returned '0': PYTHONPATH=/home/master26/assignment_1/build/rx200_moveit_control/prefix_override:/usr/lib/python3/dist-packages/colcon_core/task/python/colcon_distutils_commands:/home/master26/assignment_1/install/rx200_moveit_control/lib/python3.10/site-packages:${PYTHONPATH} /usr/bin/python3 -W ignore:setup.py install is deprecated -W ignore:easy_install command is deprecated setup.py egg_info --egg-base ../../build/rx200_moveit_control build --build-base /home/master26/assignment_1/build/rx200_moveit_control/build install --record /home/master26/assignment_1/build/rx200_moveit_control/install.log --single-version-externally-managed install_data
